<?xml version="1.0" encoding="UTF-8"?>
<!-- Generated by org.testng.reporters.JUnitReportReporter -->
<testsuite hostname="LAPTOP-DJ20R8TG" failures="0" tests="1" name="Test.Login$VerifyLoginPage" time="27.256" errors="0" timestamp="2022-02-22T23:33:31 IST" skipped="0">
  <testcase classname="Test.Login$VerifyLoginPage" name="verifyLoginPage" time="27.256"/>
  <system-out/>
</testsuite> <!-- Test.Login$VerifyLoginPage -->
